2026-06-04 21:55:12 | ERROR    | app.services.mongodb | MongoDB connection failed: localhost:27017: [WinError 10061] No connection could be made because the target machine actively refused it (configured timeouts: socketTimeoutMS: 5000.0ms, connectTimeoutMS: 5000.0ms), Timeout: 5.0s, Topology Description: <TopologyDescription id: 6a21f43afeddf985b6a65100, topology_type: Unknown, servers: [<ServerDescription ('localhost', 27017) server_type: Unknown, rtt: None, error=AutoReconnect('localhost:27017: [WinError 10061] No connection could be made because the target machine actively refused it (configured timeouts: socketTimeoutMS: 5000.0ms, connectTimeoutMS: 5000.0ms)')>]>
2026-06-04 21:55:12 | ERROR    | app.services.onnx | ONNX model not found at C:\Users\AYOUBA\PHISHING\Phishing-Detection-System\phase1-model\outputs\models\phishing_detector_quantized.onnx. Run phase1-model/run_pipeline.py first.
2026-06-04 21:55:12 | WARNING  | app.services.virustotal | VIRUSTOTAL_API_KEY not set. VirusTotal checks will be skipped.
2026-06-04 21:55:12 | INFO     | app | Phishing Detection Backend started | env=production | model=phishing_detector_quantized.onnx
2026-06-05 03:07:28 | ERROR    | app.services.mongodb | MongoDB connection failed: localhost:27017: [WinError 10061] No connection could be made because the target machine actively refused it (configured timeouts: socketTimeoutMS: 5000.0ms, connectTimeoutMS: 5000.0ms), Timeout: 5.0s, Topology Description: <TopologyDescription id: 6a223d6b76ffdc5c9b3473cc, topology_type: Unknown, servers: [<ServerDescription ('localhost', 27017) server_type: Unknown, rtt: None, error=AutoReconnect('localhost:27017: [WinError 10061] No connection could be made because the target machine actively refused it (configured timeouts: socketTimeoutMS: 5000.0ms, connectTimeoutMS: 5000.0ms)')>]>
2026-06-05 03:07:28 | INFO     | app.services.onnx | ONNX model loaded | path=phishing_detector_quantized.onnx | input=float_input | features=36
2026-06-05 03:07:28 | WARNING  | app.services.virustotal | VIRUSTOTAL_API_KEY not set. VirusTotal checks will be skipped.
2026-06-05 03:07:28 | INFO     | app | Phishing Detection Backend started | env=production | model=phishing_detector_quantized.onnx
2026-06-05 03:07:59 | WARNING  | app.services.mongodb | MongoDB not connected — skipping cache lookup
2026-06-05 03:08:07 | DEBUG    | app.services.onnx | ONNX inference: http://paypal-login.secure-verify.tk/account/update → 0.4327
2026-06-05 03:08:07 | DEBUG    | app.services.detection | [ONNX] http://paypal-login.secure-verify.tk/account/update | confidence=0.4327 | threshold=0.75 | phishing=False
2026-06-05 03:08:07 | INFO     | app.services.detection | [RESULT] http://paypal-login.secure-verify.tk/account/update | phishing=False | source=onnx_model | stages=['onnx_model'] | 7920.1ms
2026-06-05 03:08:07 | WARNING  | app.services.mongodb | MongoDB not connected — skipping cache lookup
2026-06-05 03:08:07 | DEBUG    | app.services.onnx | ONNX inference: https://www.google.com/search?q=test → 0.0799
2026-06-05 03:08:07 | DEBUG    | app.services.detection | [ONNX] https://www.google.com/search?q=test | confidence=0.0799 | threshold=0.75 | phishing=False
2026-06-05 03:08:07 | INFO     | app.services.detection | [RESULT] https://www.google.com/search?q=test | phishing=False | source=onnx_model | stages=['onnx_model'] | 1.0ms
2026-06-05 03:08:49 | WARNING  | app.services.mongodb | MongoDB not connected — skipping cache lookup
2026-06-05 03:08:49 | DEBUG    | app.services.onnx | ONNX inference: http://paypal-login.secure-verify.tk/account/update → 0.4327
2026-06-05 03:08:49 | DEBUG    | app.services.detection | [ONNX] http://paypal-login.secure-verify.tk/account/update | confidence=0.4327 | threshold=0.75 | phishing=False
2026-06-05 03:08:49 | INFO     | app.services.detection | [RESULT] http://paypal-login.secure-verify.tk/account/update | phishing=False | source=onnx_model | stages=['onnx_model'] | 0.7ms
2026-06-05 04:29:56 | WARNING  | app.services.mongodb | MongoDB not connected — skipping cache lookup
2026-06-05 04:29:56 | WARNING  | app.services.mongodb | MongoDB not connected — skipping cache lookup
2026-06-05 04:29:56 | WARNING  | app.services.mongodb | MongoDB not connected — skipping cache lookup
2026-06-05 04:29:56 | WARNING  | app.services.mongodb | MongoDB not connected — skipping cache lookup
2026-06-05 04:29:56 | WARNING  | app.services.mongodb | MongoDB not connected — skipping cache lookup
2026-06-05 04:29:56 | DEBUG    | app.services.onnx | ONNX inference: http://paypal-login.s → 0.0667
2026-06-05 04:29:56 | DEBUG    | app.services.onnx | ONNX inference: http://paypal-login.se → 0.0667
2026-06-05 04:29:56 | DEBUG    | app.services.onnx | ONNX inference: http://paypal-login.se → 0.0667
2026-06-05 04:29:56 | DEBUG    | app.services.onnx | ONNX inference: http://paypal-login.s → 0.0667
2026-06-05 04:29:56 | DEBUG    | app.services.onnx | ONNX inference: http://paypal-login.sec → 0.1199
2026-06-05 04:29:56 | DEBUG    | app.services.detection | [ONNX] http://paypal-login.s | confidence=0.0667 | threshold=0.75 | phishing=False
2026-06-05 04:29:56 | DEBUG    | app.services.detection | [ONNX] http://paypal-login.se | confidence=0.0667 | threshold=0.75 | phishing=False
2026-06-05 04:29:56 | DEBUG    | app.services.detection | [ONNX] http://paypal-login.se | confidence=0.0667 | threshold=0.75 | phishing=False
2026-06-05 04:29:56 | DEBUG    | app.services.detection | [ONNX] http://paypal-login.s | confidence=0.0667 | threshold=0.75 | phishing=False
2026-06-05 04:29:56 | INFO     | app.services.detection | [RESULT] http://paypal-login.s | phishing=False | source=onnx_model | stages=['onnx_model'] | 140.4ms
2026-06-05 04:29:56 | DEBUG    | app.services.detection | [ONNX] http://paypal-login.sec | confidence=0.1199 | threshold=0.75 | phishing=False
2026-06-05 04:29:56 | INFO     | app.services.detection | [RESULT] http://paypal-login.se | phishing=False | source=onnx_model | stages=['onnx_model'] | 137.7ms
2026-06-05 04:29:56 | INFO     | app.services.detection | [RESULT] http://paypal-login.se | phishing=False | source=onnx_model | stages=['onnx_model'] | 157.5ms
2026-06-05 04:29:56 | INFO     | app.services.detection | [RESULT] http://paypal-login.s | phishing=False | source=onnx_model | stages=['onnx_model'] | 166.2ms
2026-06-05 04:29:56 | INFO     | app.services.detection | [RESULT] http://paypal-login.sec | phishing=False | source=onnx_model | stages=['onnx_model'] | 93.2ms
2026-06-05 04:29:56 | WARNING  | app.services.mongodb | MongoDB not connected — skipping cache lookup
2026-06-05 04:29:56 | WARNING  | app.services.mongodb | MongoDB not connected — skipping cache lookup
2026-06-05 04:29:56 | DEBUG    | app.services.onnx | ONNX inference: http://paypal-login.secur → 0.1249
2026-06-05 04:29:56 | DEBUG    | app.services.detection | [ONNX] http://paypal-login.secur | confidence=0.1249 | threshold=0.75 | phishing=False
2026-06-05 04:29:56 | DEBUG    | app.services.onnx | ONNX inference: http://paypal-login.sec → 0.1199
2026-06-05 04:29:56 | DEBUG    | app.services.detection | [ONNX] http://paypal-login.sec | confidence=0.1199 | threshold=0.75 | phishing=False
2026-06-05 04:29:56 | INFO     | app.services.detection | [RESULT] http://paypal-login.secur | phishing=False | source=onnx_model | stages=['onnx_model'] | 1.7ms
2026-06-05 04:29:56 | INFO     | app.services.detection | [RESULT] http://paypal-login.sec | phishing=False | source=onnx_model | stages=['onnx_model'] | 1.6ms
2026-06-05 04:29:56 | WARNING  | app.services.mongodb | MongoDB not connected — skipping cache lookup
2026-06-05 04:29:56 | DEBUG    | app.services.onnx | ONNX inference: http://paypal-login.secu → 0.1249
2026-06-05 04:29:56 | DEBUG    | app.services.detection | [ONNX] http://paypal-login.secu | confidence=0.1249 | threshold=0.75 | phishing=False
2026-06-05 04:29:56 | INFO     | app.services.detection | [RESULT] http://paypal-login.secu | phishing=False | source=onnx_model | stages=['onnx_model'] | 0.9ms
2026-06-05 04:29:57 | WARNING  | app.services.mongodb | MongoDB not connected — skipping cache lookup
2026-06-05 04:29:57 | DEBUG    | app.services.onnx | ONNX inference: http://paypal-login.secu → 0.1249
2026-06-05 04:29:57 | DEBUG    | app.services.detection | [ONNX] http://paypal-login.secu | confidence=0.1249 | threshold=0.75 | phishing=False
2026-06-05 04:29:57 | INFO     | app.services.detection | [RESULT] http://paypal-login.secu | phishing=False | source=onnx_model | stages=['onnx_model'] | 0.6ms
2026-06-05 04:29:57 | WARNING  | app.services.mongodb | MongoDB not connected — skipping cache lookup
2026-06-05 04:29:57 | DEBUG    | app.services.onnx | ONNX inference: http://paypal-login.secur → 0.1249
2026-06-05 04:29:57 | DEBUG    | app.services.detection | [ONNX] http://paypal-login.secur | confidence=0.1249 | threshold=0.75 | phishing=False
2026-06-05 04:29:57 | INFO     | app.services.detection | [RESULT] http://paypal-login.secur | phishing=False | source=onnx_model | stages=['onnx_model'] | 0.8ms
2026-06-05 04:30:29 | WARNING  | app.services.mongodb | MongoDB not connected — skipping cache lookup
2026-06-05 04:30:29 | DEBUG    | app.services.onnx | ONNX inference: http://paypal-login.s → 0.0667
2026-06-05 04:30:29 | DEBUG    | app.services.detection | [ONNX] http://paypal-login.s | confidence=0.0667 | threshold=0.75 | phishing=False
2026-06-05 04:30:29 | INFO     | app.services.detection | [RESULT] http://paypal-login.s | phishing=False | source=onnx_model | stages=['onnx_model'] | 3.7ms
2026-06-05 04:30:29 | WARNING  | app.services.mongodb | MongoDB not connected — skipping cache lookup
2026-06-05 04:30:29 | DEBUG    | app.services.onnx | ONNX inference: http://paypal-login.s → 0.0667
2026-06-05 04:30:29 | DEBUG    | app.services.detection | [ONNX] http://paypal-login.s | confidence=0.0667 | threshold=0.75 | phishing=False
2026-06-05 04:30:29 | INFO     | app.services.detection | [RESULT] http://paypal-login.s | phishing=False | source=onnx_model | stages=['onnx_model'] | 1.5ms
2026-06-05 04:38:21 | WARNING  | app.services.mongodb | MongoDB not connected — skipping cache lookup
2026-06-05 04:38:21 | WARNING  | app.services.mongodb | MongoDB not connected — skipping cache lookup
2026-06-05 04:38:21 | DEBUG    | app.services.onnx | ONNX inference: http://paypal-login.secure-ve → 0.3899
2026-06-05 04:38:21 | DEBUG    | app.services.onnx | ONNX inference: http://paypal-login.secure-ve → 0.3899
2026-06-05 04:38:21 | DEBUG    | app.services.detection | [ONNX] http://paypal-login.secure-ve | confidence=0.3899 | threshold=0.75 | phishing=False
2026-06-05 04:38:21 | DEBUG    | app.services.detection | [ONNX] http://paypal-login.secure-ve | confidence=0.3899 | threshold=0.75 | phishing=False
2026-06-05 04:38:21 | INFO     | app.services.detection | [RESULT] http://paypal-login.secure-ve | phishing=False | source=onnx_model | stages=['onnx_model'] | 9.6ms
2026-06-05 04:38:21 | INFO     | app.services.detection | [RESULT] http://paypal-login.secure-ve | phishing=False | source=onnx_model | stages=['onnx_model'] | 7.1ms
2026-06-05 04:40:40 | WARNING  | app.services.mongodb | MongoDB not connected — skipping cache lookup
2026-06-05 04:40:40 | WARNING  | app.services.mongodb | MongoDB not connected — skipping cache lookup
2026-06-05 04:40:40 | DEBUG    | app.services.onnx | ONNX inference: http://paypal-login.secure-verify.tk/account → 0.4327
2026-06-05 04:40:40 | DEBUG    | app.services.onnx | ONNX inference: http://paypal-login.secure-verify.tk/account → 0.4327
2026-06-05 04:40:40 | DEBUG    | app.services.detection | [ONNX] http://paypal-login.secure-verify.tk/account | confidence=0.4327 | threshold=0.75 | phishing=False
2026-06-05 04:40:40 | DEBUG    | app.services.detection | [ONNX] http://paypal-login.secure-verify.tk/account | confidence=0.4327 | threshold=0.75 | phishing=False
2026-06-05 04:40:40 | INFO     | app.services.detection | [RESULT] http://paypal-login.secure-verify.tk/account | phishing=False | source=onnx_model | stages=['onnx_model'] | 9.4ms
2026-06-05 04:40:40 | INFO     | app.services.detection | [RESULT] http://paypal-login.secure-verify.tk/account | phishing=False | source=onnx_model | stages=['onnx_model'] | 8.6ms
2026-06-05 04:40:43 | WARNING  | app.services.mongodb | MongoDB not connected — skipping cache lookup
2026-06-05 04:40:43 | WARNING  | app.services.mongodb | MongoDB not connected — skipping cache lookup
2026-06-05 04:40:43 | DEBUG    | app.services.onnx | ONNX inference: http://paypal-login.secure-verify.tk/account → 0.4327
2026-06-05 04:40:43 | DEBUG    | app.services.detection | [ONNX] http://paypal-login.secure-verify.tk/account | confidence=0.4327 | threshold=0.75 | phishing=False
2026-06-05 04:40:43 | DEBUG    | app.services.onnx | ONNX inference: http://paypal-login.secure-verify.tk/account → 0.4327
2026-06-05 04:40:43 | INFO     | app.services.detection | [RESULT] http://paypal-login.secure-verify.tk/account | phishing=False | source=onnx_model | stages=['onnx_model'] | 1.6ms
2026-06-05 04:40:43 | DEBUG    | app.services.detection | [ONNX] http://paypal-login.secure-verify.tk/account | confidence=0.4327 | threshold=0.75 | phishing=False
2026-06-05 04:40:43 | INFO     | app.services.detection | [RESULT] http://paypal-login.secure-verify.tk/account | phishing=False | source=onnx_model | stages=['onnx_model'] | 1.9ms
2026-06-05 04:40:43 | WARNING  | app.services.mongodb | MongoDB not connected — skipping cache lookup
2026-06-05 04:40:43 | DEBUG    | app.services.onnx | ONNX inference: http://paypal-login.secure-verify.tk/account → 0.4327
2026-06-05 04:40:43 | DEBUG    | app.services.detection | [ONNX] http://paypal-login.secure-verify.tk/account | confidence=0.4327 | threshold=0.75 | phishing=False
2026-06-05 04:40:43 | INFO     | app.services.detection | [RESULT] http://paypal-login.secure-verify.tk/account | phishing=False | source=onnx_model | stages=['onnx_model'] | 2.7ms
2026-06-05 04:40:43 | WARNING  | app.services.mongodb | MongoDB not connected — skipping cache lookup
2026-06-05 04:40:43 | DEBUG    | app.services.onnx | ONNX inference: http://paypal-login.secure-verify.tk/account → 0.4327
2026-06-05 04:40:43 | DEBUG    | app.services.detection | [ONNX] http://paypal-login.secure-verify.tk/account | confidence=0.4327 | threshold=0.75 | phishing=False
2026-06-05 04:40:43 | INFO     | app.services.detection | [RESULT] http://paypal-login.secure-verify.tk/account | phishing=False | source=onnx_model | stages=['onnx_model'] | 2.9ms
2026-06-05 04:42:40 | WARNING  | app.services.mongodb | MongoDB not connected — skipping cache lookup
2026-06-05 04:42:40 | WARNING  | app.services.mongodb | MongoDB not connected — skipping cache lookup
2026-06-05 04:42:40 | DEBUG    | app.services.onnx | ONNX inference: https://paypal-login.secure-verify.tk/account → 0.4327
2026-06-05 04:42:40 | DEBUG    | app.services.detection | [ONNX] https://paypal-login.secure-verify.tk/account | confidence=0.4327 | threshold=0.75 | phishing=False
2026-06-05 04:42:40 | INFO     | app.services.detection | [RESULT] https://paypal-login.secure-verify.tk/account | phishing=False | source=onnx_model | stages=['onnx_model'] | 4.1ms
2026-06-05 04:42:40 | DEBUG    | app.services.onnx | ONNX inference: https://paypal-login.secure-verify.tk/account → 0.4327
2026-06-05 04:42:40 | DEBUG    | app.services.detection | [ONNX] https://paypal-login.secure-verify.tk/account | confidence=0.4327 | threshold=0.75 | phishing=False
2026-06-05 04:42:40 | INFO     | app.services.detection | [RESULT] https://paypal-login.secure-verify.tk/account | phishing=False | source=onnx_model | stages=['onnx_model'] | 5.9ms
2026-06-05 04:42:51 | WARNING  | app.services.mongodb | MongoDB not connected — skipping cache lookup
2026-06-05 04:42:51 | WARNING  | app.services.mongodb | MongoDB not connected — skipping cache lookup
2026-06-05 04:42:51 | DEBUG    | app.services.onnx | ONNX inference: https://paypal-login.secure-verify.tk/account → 0.4327
2026-06-05 04:42:51 | DEBUG    | app.services.onnx | ONNX inference: https://paypal-login.secure-verify.tk/account → 0.4327
2026-06-05 04:42:51 | DEBUG    | app.services.detection | [ONNX] https://paypal-login.secure-verify.tk/account | confidence=0.4327 | threshold=0.75 | phishing=False
2026-06-05 04:42:51 | DEBUG    | app.services.detection | [ONNX] https://paypal-login.secure-verify.tk/account | confidence=0.4327 | threshold=0.75 | phishing=False
2026-06-05 04:42:51 | INFO     | app.services.detection | [RESULT] https://paypal-login.secure-verify.tk/account | phishing=False | source=onnx_model | stages=['onnx_model'] | 4.2ms
2026-06-05 04:42:51 | INFO     | app.services.detection | [RESULT] https://paypal-login.secure-verify.tk/account | phishing=False | source=onnx_model | stages=['onnx_model'] | 4.3ms
